# JRE version: OpenJDK Runtime Environment Temurin-21.0.10+7 (21.0.10+7) (build 21.0.10+7-LTS)
# Java VM: OpenJDK 64-Bit Server VM Temurin-21.0.10+7 (21.0.10+7-LTS, mixed mode, sharing, tiered, compressed oops, compressed class ptrs, parallel gc, windows-amd64)
GC Precious Log:
 CardTable entry size: 512
 CPUs: 8 total, 8 available
 Memory: 16106M
 Large Page Support: Disabled
 NUMA Support: Disabled
 Compressed Oops: Enabled (32-bit)
 Alignments: Space 512K, Generation 512K, Heap 2M
 Heap Min Capacity: 100M
 Heap Initial Capacity: 100M
 Heap Max Capacity: 2G
 Pre-touch: Disabled
 Parallel Workers: 8
Heap:
 PSYoungGen      total 20992K, used 18518K [0x00000000d5580000, 0x00000000d6c80000, 0x0000000100000000)
  eden space 18944K, 88% used [0x00000000d5580000,0x00000000d65d0d20,0x00000000d6800000)
  from space 2048K, 88% used [0x00000000d6a80000,0x00000000d6c44c70,0x00000000d6c80000)
  to   space 2048K, 0% used [0x00000000d6880000,0x00000000d6880000,0x00000000d6a80000)
 ParOldGen       total 68608K, used 40517K [0x0000000080000000, 0x0000000084300000, 0x00000000d5580000)
  object space 68608K, 59% used [0x0000000080000000,0x0000000082791740,0x0000000084300000)
 Metaspace       used 59291K, committed 60608K, reserved 1114112K
  class space    used 6347K, committed 6848K, reserved 1048576K
GC Heap History (20 events):
Event: 11.972 GC heap before
{Heap before GC invocations=27 (full 2):
 PSYoungGen      total 22528K, used 22306K [0x00000000d5580000, 0x00000000d6e00000, 0x0000000100000000)
  eden space 19968K, 100% used [0x00000000d5580000,0x00000000d6900000,0x00000000d6900000)
  from space 2560K, 91% used [0x00000000d6b80000,0x00000000d6dc8800,0x00000000d6e00000)
  to   space 2560K, 0% used [0x00000000d6900000,0x00000000d6900000,0x00000000d6b80000)
 ParOldGen       total 68608K, used 28710K [0x0000000080000000, 0x0000000084300000, 0x00000000d5580000)
  object space 68608K, 41% used [0x0000000080000000,0x0000000081c09838,0x0000000084300000)
 Metaspace       used 47736K, committed 48896K, reserved 1114112K
  class space    used 5219K, committed 5696K, reserved 1048576K
}
Event: 11.976 GC heap after
{Heap after GC invocations=27 (full 2):
 PSYoungGen      total 22528K, used 2244K [0x00000000d5580000, 0x00000000d6e00000, 0x0000000100000000)
  eden space 19968K, 0% used [0x00000000d5580000,0x00000000d5580000,0x00000000d6900000)
  from space 2560K, 87% used [0x00000000d6900000,0x00000000d6b31000,0x00000000d6b80000)
  to   space 2560K, 0% used [0x00000000d6b80000,0x00000000d6b80000,0x00000000d6e00000)
 ParOldGen       total 68608K, used 30748K [0x0000000080000000, 0x0000000084300000, 0x00000000d5580000)
  object space 68608K, 44% used [0x0000000080000000,0x0000000081e071e8,0x0000000084300000)
 Metaspace       used 47736K, committed 48896K, reserved 1114112K
  class space    used 5219K, committed 5696K, reserved 1048576K
}
Event: 12.030 GC heap before
{Heap before GC invocations=28 (full 2):
 PSYoungGen      total 22528K, used 22212K [0x00000000d5580000, 0x00000000d6e00000, 0x0000000100000000)
  eden space 19968K, 100% used [0x00000000d5580000,0x00000000d6900000,0x00000000d6900000)
  from space 2560K, 87% used [0x00000000d6900000,0x00000000d6b31000,0x00000000d6b80000)
  to   space 2560K, 0% used [0x00000000d6b80000,0x00000000d6b80000,0x00000000d6e00000)
 ParOldGen       total 68608K, used 30748K [0x0000000080000000, 0x0000000084300000, 0x00000000d5580000)
  object space 68608K, 44% used [0x0000000080000000,0x0000000081e071e8,0x0000000084300000)
 Metaspace       used 47768K, committed 48960K, reserved 1114112K
  class space    used 5220K, committed 5760K, reserved 1048576K
}
Event: 12.035 GC heap after
{Heap after GC invocations=28 (full 2):
 PSYoungGen      total 22528K, used 2272K [0x00000000d5580000, 0x00000000d6e00000, 0x0000000100000000)
  eden space 19968K, 0% used [0x00000000d5580000,0x00000000d5580000,0x00000000d6900000)
  from space 2560K, 88% used [0x00000000d6b80000,0x00000000d6db8010,0x00000000d6e00000)
  to   space 2560K, 0% used [0x00000000d6900000,0x00000000d6900000,0x00000000d6b80000)
 ParOldGen       total 68608K, used 32868K [0x0000000080000000, 0x0000000084300000, 0x00000000d5580000)
  object space 68608K, 47% used [0x0000000080000000,0x00000000820192e8,0x0000000084300000)
 Metaspace       used 47768K, committed 48960K, reserved 1114112K
  class space    used 5220K, committed 5760K, reserved 1048576K
}
Event: 12.151 GC heap before
{Heap before GC invocations=29 (full 2):
 PSYoungGen      total 22528K, used 22240K [0x00000000d5580000, 0x00000000d6e00000, 0x0000000100000000)
  eden space 19968K, 100% used [0x00000000d5580000,0x00000000d6900000,0x00000000d6900000)
  from space 2560K, 88% used [0x00000000d6b80000,0x00000000d6db8010,0x00000000d6e00000)
  to   space 2560K, 0% used [0x00000000d6900000,0x00000000d6900000,0x00000000d6b80000)
 ParOldGen       total 68608K, used 32868K [0x0000000080000000, 0x0000000084300000, 0x00000000d5580000)
  object space 68608K, 47% used [0x0000000080000000,0x00000000820192e8,0x0000000084300000)
 Metaspace       used 48017K, committed 49152K, reserved 1114112K
  class space    used 5259K, committed 5760K, reserved 1048576K
}
Event: 12.157 GC heap after
{Heap after GC invocations=29 (full 2):
 PSYoungGen      total 22016K, used 1872K [0x00000000d5580000, 0x00000000d6d00000, 0x0000000100000000)
  eden space 19968K, 0% used [0x00000000d5580000,0x00000000d5580000,0x00000000d6900000)
  from space 2048K, 91% used [0x00000000d6900000,0x00000000d6ad4010,0x00000000d6b00000)
  to   space 2048K, 0% used [0x00000000d6b00000,0x00000000d6b00000,0x00000000d6d00000)
 ParOldGen       total 68608K, used 35036K [0x0000000080000000, 0x0000000084300000, 0x00000000d5580000)
  object space 68608K, 51% used [0x0000000080000000,0x00000000822372f8,0x0000000084300000)
 Metaspace       used 48017K, committed 49152K, reserved 1114112K
  class space    used 5259K, committed 5760K, reserved 1048576K
}
Event: 12.527 GC heap before
{Heap before GC invocations=30 (full 2):
 PSYoungGen      total 22016K, used 21808K [0x00000000d5580000, 0x00000000d6d00000, 0x0000000100000000)
  eden space 19968K, 99% used [0x00000000d5580000,0x00000000d68f8288,0x00000000d6900000)
  from space 2048K, 91% used [0x00000000d6900000,0x00000000d6ad4010,0x00000000d6b00000)
  to   space 2048K, 0% used [0x00000000d6b00000,0x00000000d6b00000,0x00000000d6d00000)
 ParOldGen       total 68608K, used 35036K [0x0000000080000000, 0x0000000084300000, 0x00000000d5580000)
  object space 68608K, 51% used [0x0000000080000000,0x00000000822372f8,0x0000000084300000)
 Metaspace       used 49736K, committed 50944K, reserved 1114112K
  class space    used 5498K, committed 6016K, reserved 1048576K
}
Event: 12.529 GC heap after
{Heap after GC invocations=30 (full 2):
 PSYoungGen      total 20992K, used 764K [0x00000000d5580000, 0x00000000d6c00000, 0x0000000100000000)
  eden space 19968K, 0% used [0x00000000d5580000,0x00000000d5580000,0x00000000d6900000)
  from space 1024K, 74% used [0x00000000d6b00000,0x00000000d6bbf280,0x00000000d6c00000)
  to   space 1536K, 0% used [0x00000000d6900000,0x00000000d6900000,0x00000000d6a80000)
 ParOldGen       total 68608K, used 36737K [0x0000000080000000, 0x0000000084300000, 0x00000000d5580000)
  object space 68608K, 53% used [0x0000000080000000,0x00000000823e06b0,0x0000000084300000)
 Metaspace       used 49736K, committed 50944K, reserved 1114112K
  class space    used 5498K, committed 6016K, reserved 1048576K
}
Event: 12.746 GC heap before
{Heap before GC invocations=31 (full 2):
 PSYoungGen      total 20992K, used 20732K [0x00000000d5580000, 0x00000000d6c00000, 0x0000000100000000)
  eden space 19968K, 100% used [0x00000000d5580000,0x00000000d6900000,0x00000000d6900000)
  from space 1024K, 74% used [0x00000000d6b00000,0x00000000d6bbf280,0x00000000d6c00000)
  to   space 1536K, 0% used [0x00000000d6900000,0x00000000d6900000,0x00000000d6a80000)
 ParOldGen       total 68608K, used 36737K [0x0000000080000000, 0x0000000084300000, 0x00000000d5580000)
  object space 68608K, 53% used [0x0000000080000000,0x00000000823e06b0,0x0000000084300000)
 Metaspace       used 50912K, committed 52160K, reserved 1114112K
  class space    used 5605K, committed 6144K, reserved 1048576K
}
Event: 12.747 GC heap after
{Heap after GC invocations=31 (full 2):
 PSYoungGen      total 21504K, used 448K [0x00000000d5580000, 0x00000000d6b80000, 0x0000000100000000)
  eden space 19968K, 0% used [0x00000000d5580000,0x00000000d5580000,0x00000000d6900000)
  from space 1536K, 29% used [0x00000000d6900000,0x00000000d6970000,0x00000000d6a80000)
  to   space 1024K, 0% used [0x00000000d6a80000,0x00000000d6a80000,0x00000000d6b80000)
 ParOldGen       total 68608K, used 37288K [0x0000000080000000, 0x0000000084300000, 0x00000000d5580000)
  object space 68608K, 54% used [0x0000000080000000,0x000000008246a1e8,0x0000000084300000)
 Metaspace       used 50912K, committed 52160K, reserved 1114112K
  class space    used 5605K, committed 6144K, reserved 1048576K
}
Event: 12.825 GC heap before
{Heap before GC invocations=32 (full 2):
 PSYoungGen      total 21504K, used 20416K [0x00000000d5580000, 0x00000000d6b80000, 0x0000000100000000)
  eden space 19968K, 100% used [0x00000000d5580000,0x00000000d6900000,0x00000000d6900000)
  from space 1536K, 29% used [0x00000000d6900000,0x00000000d6970000,0x00000000d6a80000)
  to   space 1024K, 0% used [0x00000000d6a80000,0x00000000d6a80000,0x00000000d6b80000)
 ParOldGen       total 68608K, used 37288K [0x0000000080000000, 0x0000000084300000, 0x00000000d5580000)
  object space 68608K, 54% used [0x0000000080000000,0x000000008246a1e8,0x0000000084300000)
 Metaspace       used 51722K, committed 52864K, reserved 1114112K
  class space    used 5648K, committed 6144K, reserved 1048576K
}
Event: 12.827 GC heap after
{Heap after GC invocations=32 (full 2):
 PSYoungGen      total 19968K, used 1016K [0x00000000d5580000, 0x00000000d6e00000, 0x0000000100000000)
  eden space 18944K, 0% used [0x00000000d5580000,0x00000000d5580000,0x00000000d6800000)
  from space 1024K, 99% used [0x00000000d6a80000,0x00000000d6b7e328,0x00000000d6b80000)
  to   space 2560K, 0% used [0x00000000d6800000,0x00000000d6800000,0x00000000d6a80000)
 ParOldGen       total 68608K, used 38157K [0x0000000080000000, 0x0000000084300000, 0x00000000d5580000)
  object space 68608K, 55% used [0x0000000080000000,0x00000000825436f0,0x0000000084300000)
 Metaspace       used 51722K, committed 52864K, reserved 1114112K
  class space    used 5648K, committed 6144K, reserved 1048576K
}
Event: 12.865 GC heap before
{Heap before GC invocations=33 (full 2):
 PSYoungGen      total 19968K, used 19960K [0x00000000d5580000, 0x00000000d6e00000, 0x0000000100000000)
  eden space 18944K, 100% used [0x00000000d5580000,0x00000000d6800000,0x00000000d6800000)
  from space 1024K, 99% used [0x00000000d6a80000,0x00000000d6b7e328,0x00000000d6b80000)
  to   space 2560K, 0% used [0x00000000d6800000,0x00000000d6800000,0x00000000d6a80000)
 ParOldGen       total 68608K, used 38157K [0x0000000080000000, 0x0000000084300000, 0x00000000d5580000)
  object space 68608K, 55% used [0x0000000080000000,0x00000000825436f0,0x0000000084300000)
 Metaspace       used 51915K, committed 53120K, reserved 1114112K
  class space    used 5651K, committed 6144K, reserved 1048576K
}
Event: 12.866 GC heap after
{Heap after GC invocations=33 (full 2):
 PSYoungGen      total 19456K, used 160K [0x00000000d5580000, 0x00000000d6b00000, 0x0000000100000000)
  eden space 18944K, 0% used [0x00000000d5580000,0x00000000d5580000,0x00000000d6800000)
  from space 512K, 31% used [0x00000000d6800000,0x00000000d6828000,0x00000000d6880000)
  to   space 1024K, 0% used [0x00000000d6a00000,0x00000000d6a00000,0x00000000d6b00000)
 ParOldGen       total 68608K, used 38357K [0x0000000080000000, 0x0000000084300000, 0x00000000d5580000)
  object space 68608K, 55% used [0x0000000080000000,0x00000000825756f0,0x0000000084300000)
 Metaspace       used 51915K, committed 53120K, reserved 1114112K
  class space    used 5651K, committed 6144K, reserved 1048576K
}
Event: 13.156 GC heap before
{Heap before GC invocations=34 (full 2):
 PSYoungGen      total 19456K, used 19104K [0x00000000d5580000, 0x00000000d6b00000, 0x0000000100000000)
  eden space 18944K, 100% used [0x00000000d5580000,0x00000000d6800000,0x00000000d6800000)
  from space 512K, 31% used [0x00000000d6800000,0x00000000d6828000,0x00000000d6880000)
  to   space 1024K, 0% used [0x00000000d6a00000,0x00000000d6a00000,0x00000000d6b00000)
 ParOldGen       total 68608K, used 38357K [0x0000000080000000, 0x0000000084300000, 0x00000000d5580000)
  object space 68608K, 55% used [0x0000000080000000,0x00000000825756f0,0x0000000084300000)
 Metaspace       used 54790K, committed 56064K, reserved 1114112K
  class space    used 5920K, committed 6464K, reserved 1048576K
}
Event: 13.158 GC heap after
{Heap after GC invocations=34 (full 2):
 PSYoungGen      total 19968K, used 991K [0x00000000d5580000, 0x00000000d6b00000, 0x0000000100000000)
  eden space 18944K, 0% used [0x00000000d5580000,0x00000000d5580000,0x00000000d6800000)
  from space 1024K, 96% used [0x00000000d6a00000,0x00000000d6af7e40,0x00000000d6b00000)
  to   space 1536K, 0% used [0x00000000d6800000,0x00000000d6800000,0x00000000d6980000)
 ParOldGen       total 68608K, used 38381K [0x0000000080000000, 0x0000000084300000, 0x00000000d5580000)
  object space 68608K, 55% used [0x0000000080000000,0x000000008257b6f0,0x0000000084300000)
 Metaspace       used 54790K, committed 56064K, reserved 1114112K
  class space    used 5920K, committed 6464K, reserved 1048576K
}
Event: 13.440 GC heap before
{Heap before GC invocations=35 (full 2):
 PSYoungGen      total 19968K, used 19931K [0x00000000d5580000, 0x00000000d6b00000, 0x0000000100000000)
  eden space 18944K, 99% used [0x00000000d5580000,0x00000000d67ff140,0x00000000d6800000)
  from space 1024K, 96% used [0x00000000d6a00000,0x00000000d6af7e40,0x00000000d6b00000)
  to   space 1536K, 0% used [0x00000000d6800000,0x00000000d6800000,0x00000000d6980000)
 ParOldGen       total 68608K, used 38381K [0x0000000080000000, 0x0000000084300000, 0x00000000d5580000)
  object space 68608K, 55% used [0x0000000080000000,0x000000008257b6f0,0x0000000084300000)
 Metaspace       used 57366K, committed 58624K, reserved 1114112K
  class space    used 6191K, committed 6720K, reserved 1048576K
}
Event: 13.442 GC heap after
{Heap after GC invocations=35 (full 2):
 PSYoungGen      total 20480K, used 1530K [0x00000000d5580000, 0x00000000d6d00000, 0x0000000100000000)
  eden space 18944K, 0% used [0x00000000d5580000,0x00000000d5580000,0x00000000d6800000)
  from space 1536K, 99% used [0x00000000d6800000,0x00000000d697e978,0x00000000d6980000)
  to   space 2560K, 0% used [0x00000000d6a80000,0x00000000d6a80000,0x00000000d6d00000)
 ParOldGen       total 68608K, used 39144K [0x0000000080000000, 0x0000000084300000, 0x00000000d5580000)
  object space 68608K, 57% used [0x0000000080000000,0x000000008263a358,0x0000000084300000)
 Metaspace       used 57366K, committed 58624K, reserved 1114112K
  class space    used 6191K, committed 6720K, reserved 1048576K
}
Event: 13.683 GC heap before
{Heap before GC invocations=36 (full 2):
 PSYoungGen      total 20480K, used 20474K [0x00000000d5580000, 0x00000000d6d00000, 0x0000000100000000)
  eden space 18944K, 100% used [0x00000000d5580000,0x00000000d6800000,0x00000000d6800000)
  from space 1536K, 99% used [0x00000000d6800000,0x00000000d697e978,0x00000000d6980000)
  to   space 2560K, 0% used [0x00000000d6a80000,0x00000000d6a80000,0x00000000d6d00000)
 ParOldGen       total 68608K, used 39144K [0x0000000080000000, 0x0000000084300000, 0x00000000d5580000)
  object space 68608K, 57% used [0x0000000080000000,0x000000008263a358,0x0000000084300000)
 Metaspace       used 58538K, committed 59840K, reserved 1114112K
  class space    used 6305K, committed 6848K, reserved 1048576K
}
Event: 13.686 GC heap after
{Heap after GC invocations=36 (full 2):
 PSYoungGen      total 20992K, used 1811K [0x00000000d5580000, 0x00000000d6c80000, 0x0000000100000000)
  eden space 18944K, 0% used [0x00000000d5580000,0x00000000d5580000,0x00000000d6800000)
  from space 2048K, 88% used [0x00000000d6a80000,0x00000000d6c44c70,0x00000000d6c80000)
  to   space 2048K, 0% used [0x00000000d6880000,0x00000000d6880000,0x00000000d6a80000)
 ParOldGen       total 68608K, used 40517K [0x0000000080000000, 0x0000000084300000, 0x00000000d5580000)
  object space 68608K, 59% used [0x0000000080000000,0x0000000082791740,0x0000000084300000)
 Metaspace       used 58538K, committed 59840K, reserved 1114112K
  class space    used 6305K, committed 6848K, reserved 1048576K
}

